[debug] [2021-10-31T15:01:27.232Z] ----------------------------------------------------------------------
[debug] [2021-10-31T15:01:27.235Z] Command:       C:\Program Files\nodejs\node.exe C:\Users\FORID\AppData\Roaming\npm\node_modules\firebase-tools\lib\bin\firebase.js deploy
[debug] [2021-10-31T15:01:27.235Z] CLI Version:   9.21.0
[debug] [2021-10-31T15:01:27.236Z] Platform:      win32
[debug] [2021-10-31T15:01:27.236Z] Node Version:  v12.19.0
[debug] [2021-10-31T15:01:27.240Z] Time:          Sun Oct 31 2021 21:01:27 GMT+0600 (Bangladesh Standard Time)
[debug] [2021-10-31T15:01:27.241Z] ----------------------------------------------------------------------
[debug] 
[debug] [2021-10-31T15:01:27.332Z] > command requires scopes: ["email","openid","https://www.googleapis.com/auth/cloudplatformprojects.readonly","https://www.googleapis.com/auth/firebase","https://www.googleapis.com/auth/cloud-platform"]
[debug] [2021-10-31T15:01:27.332Z] > authorizing via signed-in user (foridislam991@gmail.com)
[debug] [2021-10-31T15:01:27.333Z] [iam] checking project turista-18a4c for permissions ["firebase.projects.get","firebasehosting.sites.update"]
[debug] [2021-10-31T15:01:27.336Z] > refreshing access token with scopes: ["email","https://www.googleapis.com/auth/cloud-platform","https://www.googleapis.com/auth/cloudplatformprojects.readonly","https://www.googleapis.com/auth/firebase","openid"]
[debug] [2021-10-31T15:01:27.336Z] >>> HTTP REQUEST POST https://www.googleapis.com/oauth2/v3/token  
 <request body omitted>
[debug] [2021-10-31T15:01:28.990Z] <<< HTTP RESPONSE 200 {"pragma":"no-cache","date":"Sun, 31 Oct 2021 15:01:29 GMT","expires":"Mon, 01 Jan 1990 00:00:00 GMT","cache-control":"no-cache, no-store, max-age=0, must-revalidate","content-type":"application/json; charset=utf-8","vary":"X-Origin, Referer, Origin,Accept-Encoding","server":"scaffolding on HTTPServer2","x-xss-protection":"0","x-frame-options":"SAMEORIGIN","x-content-type-options":"nosniff","alt-svc":"h3=\":443\"; ma=2592000,h3-29=\":443\"; ma=2592000,h3-Q050=\":443\"; ma=2592000,h3-Q046=\":443\"; ma=2592000,h3-Q043=\":443\"; ma=2592000,quic=\":443\"; ma=2592000; v=\"46,43\"","accept-ranges":"none","transfer-encoding":"chunked"}
[debug] [2021-10-31T15:01:29.004Z] >>> HTTP REQUEST POST https://cloudresourcemanager.googleapis.com/v1/projects/turista-18a4c:testIamPermissions  
 {"permissions":["firebase.projects.get","firebasehosting.sites.update"]}
[debug] [2021-10-31T15:01:30.865Z] <<< HTTP RESPONSE 200 {"content-type":"application/json; charset=UTF-8","vary":"X-Origin, Referer, Origin,Accept-Encoding","date":"Sun, 31 Oct 2021 15:01:30 GMT","server":"ESF","cache-control":"private","x-xss-protection":"0","x-frame-options":"SAMEORIGIN","x-content-type-options":"nosniff","server-timing":"gfet4t7; dur=1187","alt-svc":"h3=\":443\"; ma=2592000,h3-29=\":443\"; ma=2592000,h3-Q050=\":443\"; ma=2592000,h3-Q046=\":443\"; ma=2592000,h3-Q043=\":443\"; ma=2592000,quic=\":443\"; ma=2592000; v=\"46,43\"","accept-ranges":"none","transfer-encoding":"chunked"}
[debug] [2021-10-31T15:01:30.873Z] > refreshing access token with scopes: []
[debug] [2021-10-31T15:01:30.874Z] >>> HTTP REQUEST POST https://www.googleapis.com/oauth2/v3/token  
 <request body omitted>
[debug] [2021-10-31T15:01:31.131Z] <<< HTTP RESPONSE 200 {"cache-control":"no-cache, no-store, max-age=0, must-revalidate","date":"Sun, 31 Oct 2021 15:01:31 GMT","pragma":"no-cache","expires":"Mon, 01 Jan 1990 00:00:00 GMT","content-type":"application/json; charset=utf-8","vary":"X-Origin, Referer, Origin,Accept-Encoding","server":"scaffolding on HTTPServer2","x-xss-protection":"0","x-frame-options":"SAMEORIGIN","x-content-type-options":"nosniff","alt-svc":"h3=\":443\"; ma=2592000,h3-29=\":443\"; ma=2592000,h3-Q050=\":443\"; ma=2592000,h3-Q046=\":443\"; ma=2592000,h3-Q043=\":443\"; ma=2592000,quic=\":443\"; ma=2592000; v=\"46,43\"","accept-ranges":"none","transfer-encoding":"chunked"}
[debug] [2021-10-31T15:01:31.163Z] >>> [apiv2][query] GET https://firebase.googleapis.com/v1beta1/projects/turista-18a4c [none]
[debug] [2021-10-31T15:01:31.818Z] <<< [apiv2][status] GET https://firebase.googleapis.com/v1beta1/projects/turista-18a4c 200
[debug] [2021-10-31T15:01:31.818Z] <<< [apiv2][body] GET https://firebase.googleapis.com/v1beta1/projects/turista-18a4c {"projectId":"turista-18a4c","projectNumber":"813223529289","displayName":"Turista","name":"projects/turista-18a4c","resources":{"hostingSite":"turista-18a4c"},"state":"ACTIVE"}
[info] 
[info] === Deploying to 'turista-18a4c'...
[info] 
[info] i  deploying hosting 
[debug] [2021-10-31T15:01:31.831Z] > refreshing access token with scopes: ["email","https://www.googleapis.com/auth/cloud-platform","https://www.googleapis.com/auth/cloudplatformprojects.readonly","https://www.googleapis.com/auth/firebase","openid"]
[debug] [2021-10-31T15:01:31.832Z] >>> HTTP REQUEST POST https://www.googleapis.com/oauth2/v3/token  
 <request body omitted>
[debug] [2021-10-31T15:01:32.078Z] <<< HTTP RESPONSE 200 {"expires":"Mon, 01 Jan 1990 00:00:00 GMT","pragma":"no-cache","cache-control":"no-cache, no-store, max-age=0, must-revalidate","date":"Sun, 31 Oct 2021 15:01:32 GMT","content-type":"application/json; charset=utf-8","vary":"X-Origin, Referer, Origin,Accept-Encoding","server":"scaffolding on HTTPServer2","x-xss-protection":"0","x-frame-options":"SAMEORIGIN","x-content-type-options":"nosniff","alt-svc":"h3=\":443\"; ma=2592000,h3-29=\":443\"; ma=2592000,h3-Q050=\":443\"; ma=2592000,h3-Q046=\":443\"; ma=2592000,h3-Q043=\":443\"; ma=2592000,quic=\":443\"; ma=2592000; v=\"46,43\"","accept-ranges":"none","transfer-encoding":"chunked"}
[debug] [2021-10-31T15:01:32.105Z] >>> HTTP REQUEST POST https://firebasehosting.googleapis.com/v1beta1/sites/turista-18a4c/versions  
 {"config":{"rewrites":[{"glob":"**","path":"/index.html"}]},"labels":{"deployment-tool":"cli-firebase"}}
[debug] [2021-10-31T15:01:36.079Z] <<< HTTP RESPONSE 200 {"content-type":"application/json; charset=UTF-8","vary":"X-Origin, Referer, Origin,Accept-Encoding","date":"Sun, 31 Oct 2021 15:01:36 GMT","server":"ESF","cache-control":"private","x-xss-protection":"0","x-frame-options":"SAMEORIGIN","x-content-type-options":"nosniff","alt-svc":"h3=\":443\"; ma=2592000,h3-29=\":443\"; ma=2592000,h3-Q050=\":443\"; ma=2592000,h3-Q046=\":443\"; ma=2592000,h3-Q043=\":443\"; ma=2592000,quic=\":443\"; ma=2592000; v=\"46,43\"","accept-ranges":"none","transfer-encoding":"chunked"}
[info] i  hosting[turista-18a4c]: beginning deploy... 
[info] i  hosting[turista-18a4c]: found 21 files in build 
[debug] [2021-10-31T15:01:36.546Z] > refreshing access token with scopes: []
[debug] [2021-10-31T15:01:36.547Z] >>> HTTP REQUEST POST https://www.googleapis.com/oauth2/v3/token  
 <request body omitted>
[debug] [2021-10-31T15:01:36.549Z] [hosting] hash cache [YnVpbGQ] stored for 21 files
[debug] [2021-10-31T15:01:36.549Z] [hosting][hash queue][FINAL] {"max":413,"min":6,"avg":43.23809523809524,"active":0,"complete":21,"success":21,"errored":0,"retried":0,"total":21,"elapsed":424}
[debug] [2021-10-31T15:01:37.104Z] <<< HTTP RESPONSE 200 {"date":"Sun, 31 Oct 2021 15:01:37 GMT","pragma":"no-cache","cache-control":"no-cache, no-store, max-age=0, must-revalidate","expires":"Mon, 01 Jan 1990 00:00:00 GMT","content-type":"application/json; charset=utf-8","vary":"X-Origin, Referer, Origin,Accept-Encoding","server":"scaffolding on HTTPServer2","x-xss-protection":"0","x-frame-options":"SAMEORIGIN","x-content-type-options":"nosniff","alt-svc":"h3=\":443\"; ma=2592000,h3-29=\":443\"; ma=2592000,h3-Q050=\":443\"; ma=2592000,h3-Q046=\":443\"; ma=2592000,h3-Q043=\":443\"; ma=2592000,quic=\":443\"; ma=2592000; v=\"46,43\"","accept-ranges":"none","transfer-encoding":"chunked"}
[debug] [2021-10-31T15:01:37.133Z] >>> [apiv2][query] POST https://firebasehosting.googleapis.com/v1beta1/sites/turista-18a4c/versions/2d3c624c7ff6c085:populateFiles [none]
[debug] [2021-10-31T15:01:37.133Z] >>> [apiv2][body] POST https://firebasehosting.googleapis.com/v1beta1/sites/turista-18a4c/versions/2d3c624c7ff6c085:populateFiles {"files":{"/favicon.ico":"eae62e993eb980ec8a25058c39d5a51feab118bd2100c4deebb2a9c158ec11f9","/logo192.png":"3ee59515172ee198f3be375979df15ac5345183e656720a381b8872b2a39dc8b","/logo512.png":"ee7e2f3fdb8209c4b6fd7bef6ba50d1b9dba30a25bb5c3126df057e1cb6f5331","/manifest.json":"aff3449bdc238776f5d6d967f19ec491b36aed5fb7f23ccff6500736fd58494a","/place.json":"b3ccd92f4924fa6f00deff387b0ae1728377ef2c5416d0a3069f6b3c043dcc4a","/robots.txt":"bfe106a3fb878dc83461c86818bf74fc1bdc7f28538ba613cd3e775516ce8b49","/asset-manifest.json":"65531b6d985959f97c9854c515d5f1bc945d078ff2ebe9d8985a402a17b5330f","/index.html":"c956c302bf4bdb905a347cbe5365008a67ff5b20df671aebfd8e360fe06f03cb","/static/css/main.ca8fb9a8.chunk.css":"099b16092aed74d63a58383ccd56669ac17767b5306c4b3c090f5f7e4cd8b704","/static/css/main.ca8fb9a8.chunk.css.map":"af23136ad95ac362fad70cb0e5e27247d28c451dca03c45a41142f9ad649848f","/static/js/2.0ddae1f7.chunk.js.LICENSE.txt":"6fa4f3871a2c662946654f4eadac1d6a3a2f8d66c56961fa2b56c2d03905ef5b","/static/js/3.cb3c84a1.chunk.js":"7667c9d3a591db36212b4f0207024cafe59cb3d859bc7961777b038ac7b7ab2d","/static/js/3.cb3c84a1.chunk.js.map":"2066e3ca78a22ccda6d62abc77189fb66dd29a6399ba030b3f1d6fb8e947f77d","/static/js/main.b57b73d0.chunk.js":"9ecff5be85d9c871135731a86ff50ca2eaf5b75cd341e6627da299700d095fed","/static/js/runtime-main.2c9687df.js":"8ba619024bd33ac45ca15071656c66efcdf343b9ae422ab3a8c4fa149bc4cbfa","/static/js/runtime-main.2c9687df.js.map":"986a6bce56e49ad289d3b86cdae22695c288d337e57d3ae020a5399a303289f8","/static/js/main.b57b73d0.chunk.js.map":"558dd07599ecd5b2516a594628aac5832c801255fd84b0ec5b96841e6144264c","/static/css/2.0a9ec390.chunk.css":"e00cd4cd68f8f88e9a664ea068d294785d52d226ae90c6cfe2476e109af734b2","/static/js/2.0ddae1f7.chunk.js":"50c66aa5f2ecbbd2d631a790bb5cbda5e8562afeddfdf1c587b24dd052a76947","/static/css/2.0a9ec390.chunk.css.map":"6e3cdf3362e6e01e050aa97c696f365c227135a678ac1bbc7eae52585353ec10","/static/js/2.0ddae1f7.chunk.js.map":"de0da4c6fe6b28c4df015b0bb51ee6c7484f82d5a155826aaa123cc8f2de7fe9"}}
[debug] [2021-10-31T15:01:39.685Z] <<< [apiv2][status] POST https://firebasehosting.googleapis.com/v1beta1/sites/turista-18a4c/versions/2d3c624c7ff6c085:populateFiles 200
[debug] [2021-10-31T15:01:39.685Z] <<< [apiv2][body] POST https://firebasehosting.googleapis.com/v1beta1/sites/turista-18a4c/versions/2d3c624c7ff6c085:populateFiles {"uploadRequiredHashes":["9ecff5be85d9c871135731a86ff50ca2eaf5b75cd341e6627da299700d095fed","c956c302bf4bdb905a347cbe5365008a67ff5b20df671aebfd8e360fe06f03cb","65531b6d985959f97c9854c515d5f1bc945d078ff2ebe9d8985a402a17b5330f","558dd07599ecd5b2516a594628aac5832c801255fd84b0ec5b96841e6144264c"],"uploadUrl":"https://upload-firebasehosting.googleapis.com/upload/sites/turista-18a4c/versions/2d3c624c7ff6c085/files"}
[debug] [2021-10-31T15:01:39.692Z] >>> [apiv2][query] POST https://upload-firebasehosting.googleapis.com/upload/sites/turista-18a4c/versions/2d3c624c7ff6c085/files/9ecff5be85d9c871135731a86ff50ca2eaf5b75cd341e6627da299700d095fed [none]
[debug] [2021-10-31T15:01:39.692Z] >>> [apiv2][body] POST https://upload-firebasehosting.googleapis.com/upload/sites/turista-18a4c/versions/2d3c624c7ff6c085/files/9ecff5be85d9c871135731a86ff50ca2eaf5b75cd341e6627da299700d095fed [stream]
[debug] [2021-10-31T15:01:39.694Z] >>> [apiv2][query] POST https://upload-firebasehosting.googleapis.com/upload/sites/turista-18a4c/versions/2d3c624c7ff6c085/files/c956c302bf4bdb905a347cbe5365008a67ff5b20df671aebfd8e360fe06f03cb [none]
[debug] [2021-10-31T15:01:39.694Z] >>> [apiv2][body] POST https://upload-firebasehosting.googleapis.com/upload/sites/turista-18a4c/versions/2d3c624c7ff6c085/files/c956c302bf4bdb905a347cbe5365008a67ff5b20df671aebfd8e360fe06f03cb [stream]
[debug] [2021-10-31T15:01:39.696Z] >>> [apiv2][query] POST https://upload-firebasehosting.googleapis.com/upload/sites/turista-18a4c/versions/2d3c624c7ff6c085/files/65531b6d985959f97c9854c515d5f1bc945d078ff2ebe9d8985a402a17b5330f [none]
[debug] [2021-10-31T15:01:39.697Z] >>> [apiv2][body] POST https://upload-firebasehosting.googleapis.com/upload/sites/turista-18a4c/versions/2d3c624c7ff6c085/files/65531b6d985959f97c9854c515d5f1bc945d078ff2ebe9d8985a402a17b5330f [stream]
[debug] [2021-10-31T15:01:39.699Z] >>> [apiv2][query] POST https://upload-firebasehosting.googleapis.com/upload/sites/turista-18a4c/versions/2d3c624c7ff6c085/files/558dd07599ecd5b2516a594628aac5832c801255fd84b0ec5b96841e6144264c [none]
[debug] [2021-10-31T15:01:39.700Z] >>> [apiv2][body] POST https://upload-firebasehosting.googleapis.com/upload/sites/turista-18a4c/versions/2d3c624c7ff6c085/files/558dd07599ecd5b2516a594628aac5832c801255fd84b0ec5b96841e6144264c [stream]
[debug] [2021-10-31T15:01:39.702Z] [hosting][populate queue][FINAL] {"max":3145,"min":3145,"avg":3145,"active":0,"complete":1,"success":1,"errored":0,"retried":0,"total":1,"elapsed":3156}
[debug] [2021-10-31T15:01:39.703Z] [hosting] uploads queued: 4
[debug] [2021-10-31T15:01:41.568Z] <<< [apiv2][status] POST https://upload-firebasehosting.googleapis.com/upload/sites/turista-18a4c/versions/2d3c624c7ff6c085/files/558dd07599ecd5b2516a594628aac5832c801255fd84b0ec5b96841e6144264c 200
[debug] [2021-10-31T15:01:41.568Z] <<< [apiv2][body] POST https://upload-firebasehosting.googleapis.com/upload/sites/turista-18a4c/versions/2d3c624c7ff6c085/files/558dd07599ecd5b2516a594628aac5832c801255fd84b0ec5b96841e6144264c [stream]
[debug] [2021-10-31T15:01:41.776Z] <<< [apiv2][status] POST https://upload-firebasehosting.googleapis.com/upload/sites/turista-18a4c/versions/2d3c624c7ff6c085/files/65531b6d985959f97c9854c515d5f1bc945d078ff2ebe9d8985a402a17b5330f 200
[debug] [2021-10-31T15:01:41.776Z] <<< [apiv2][body] POST https://upload-firebasehosting.googleapis.com/upload/sites/turista-18a4c/versions/2d3c624c7ff6c085/files/65531b6d985959f97c9854c515d5f1bc945d078ff2ebe9d8985a402a17b5330f [stream]
[debug] [2021-10-31T15:01:41.859Z] <<< [apiv2][status] POST https://upload-firebasehosting.googleapis.com/upload/sites/turista-18a4c/versions/2d3c624c7ff6c085/files/9ecff5be85d9c871135731a86ff50ca2eaf5b75cd341e6627da299700d095fed 200
[debug] [2021-10-31T15:01:41.870Z] <<< [apiv2][body] POST https://upload-firebasehosting.googleapis.com/upload/sites/turista-18a4c/versions/2d3c624c7ff6c085/files/9ecff5be85d9c871135731a86ff50ca2eaf5b75cd341e6627da299700d095fed [stream]
[debug] [2021-10-31T15:01:41.881Z] <<< [apiv2][status] POST https://upload-firebasehosting.googleapis.com/upload/sites/turista-18a4c/versions/2d3c624c7ff6c085/files/c956c302bf4bdb905a347cbe5365008a67ff5b20df671aebfd8e360fe06f03cb 200
[debug] [2021-10-31T15:01:41.881Z] <<< [apiv2][body] POST https://upload-firebasehosting.googleapis.com/upload/sites/turista-18a4c/versions/2d3c624c7ff6c085/files/c956c302bf4bdb905a347cbe5365008a67ff5b20df671aebfd8e360fe06f03cb [stream]
[debug] [2021-10-31T15:01:41.882Z] [hosting][upload queue][FINAL] {"max":2193,"min":1878,"avg":2085.5,"active":0,"complete":4,"success":4,"errored":0,"retried":0,"total":4,"elapsed":2196}
[info] +  hosting[turista-18a4c]: file upload complete 
[debug] [2021-10-31T15:01:41.883Z] [hosting] deploy completed after 5799ms
[debug] [2021-10-31T15:01:41.889Z] [
  {
    "config": {
      "public": "build",
      "rewrites": [
        {
          "source": "**",
          "destination": "/index.html"
        }
      ],
      "ignore": [
        "firebase.json",
        "**/.*",
        "**/node_modules/**"
      ],
      "site": "turista-18a4c"
    },
    "site": "turista-18a4c",
    "version": "sites/turista-18a4c/versions/2d3c624c7ff6c085"
  }
]
[info] i  hosting[turista-18a4c]: finalizing version... 
[debug] [2021-10-31T15:01:41.891Z] > refreshing access token with scopes: ["email","https://www.googleapis.com/auth/cloud-platform","https://www.googleapis.com/auth/cloudplatformprojects.readonly","https://www.googleapis.com/auth/firebase","openid"]
[debug] [2021-10-31T15:01:41.891Z] >>> HTTP REQUEST POST https://www.googleapis.com/oauth2/v3/token  
 <request body omitted>
[debug] [2021-10-31T15:01:42.429Z] <<< HTTP RESPONSE 200 {"date":"Sun, 31 Oct 2021 15:01:42 GMT","pragma":"no-cache","expires":"Mon, 01 Jan 1990 00:00:00 GMT","cache-control":"no-cache, no-store, max-age=0, must-revalidate","content-type":"application/json; charset=utf-8","vary":"X-Origin, Referer, Origin,Accept-Encoding","server":"scaffolding on HTTPServer2","x-xss-protection":"0","x-frame-options":"SAMEORIGIN","x-content-type-options":"nosniff","alt-svc":"h3=\":443\"; ma=2592000,h3-29=\":443\"; ma=2592000,h3-Q050=\":443\"; ma=2592000,h3-Q046=\":443\"; ma=2592000,h3-Q043=\":443\"; ma=2592000,quic=\":443\"; ma=2592000; v=\"46,43\"","accept-ranges":"none","transfer-encoding":"chunked"}
[debug] [2021-10-31T15:01:42.447Z] >>> HTTP REQUEST PATCH https://firebasehosting.googleapis.com/v1beta1/sites/turista-18a4c/versions/2d3c624c7ff6c085?updateMask=status  
 {"status":"FINALIZED"}
[debug] [2021-10-31T15:01:44.082Z] <<< HTTP RESPONSE 200 {"content-type":"application/json; charset=UTF-8","vary":"X-Origin, Referer, Origin,Accept-Encoding","date":"Sun, 31 Oct 2021 15:01:44 GMT","server":"ESF","cache-control":"private","x-xss-protection":"0","x-frame-options":"SAMEORIGIN","x-content-type-options":"nosniff","alt-svc":"h3=\":443\"; ma=2592000,h3-29=\":443\"; ma=2592000,h3-Q050=\":443\"; ma=2592000,h3-Q046=\":443\"; ma=2592000,h3-Q043=\":443\"; ma=2592000,quic=\":443\"; ma=2592000; v=\"46,43\"","accept-ranges":"none","transfer-encoding":"chunked"}
[debug] [2021-10-31T15:01:44.083Z] [hosting] finalized version for turista-18a4c: {"name":"sites/turista-18a4c/versions/2d3c624c7ff6c085","status":"FINALIZED","config":{"rewrites":[{"glob":"**","path":"/index.html"}]},"labels":{"deployment-tool":"cli-firebase"},"createTime":"2021-10-31T15:01:36.140985Z","createUser":{"email":"foridislam991@gmail.com"},"finalizeTime":"2021-10-31T15:01:44.375669Z","finalizeUser":{"email":"foridislam991@gmail.com"}}
[info] +  hosting[turista-18a4c]: version finalized 
[info] i  hosting[turista-18a4c]: releasing new version... 
[debug] [2021-10-31T15:01:44.089Z] >>> HTTP REQUEST POST https://firebasehosting.googleapis.com/v1beta1/sites/turista-18a4c/releases?version_name=sites/turista-18a4c/versions/2d3c624c7ff6c085  
 {"message":null}
[debug] [2021-10-31T15:01:46.193Z] <<< HTTP RESPONSE 200 {"content-type":"application/json; charset=UTF-8","vary":"X-Origin, Referer, Origin,Accept-Encoding","date":"Sun, 31 Oct 2021 15:01:46 GMT","server":"ESF","cache-control":"private","x-xss-protection":"0","x-frame-options":"SAMEORIGIN","x-content-type-options":"nosniff","alt-svc":"h3=\":443\"; ma=2592000,h3-29=\":443\"; ma=2592000,h3-Q050=\":443\"; ma=2592000,h3-Q046=\":443\"; ma=2592000,h3-Q043=\":443\"; ma=2592000,quic=\":443\"; ma=2592000; v=\"46,43\"","accept-ranges":"none","transfer-encoding":"chunked"}
[debug] [2021-10-31T15:01:46.195Z] [hosting] release: {"name":"sites/turista-18a4c/releases/1635692505537201","version":{"name":"sites/turista-18a4c/versions/2d3c624c7ff6c085","status":"FINALIZED","config":{"rewrites":[{"glob":"**","path":"/index.html"}]},"labels":{"deployment-tool":"cli-firebase"},"createTime":"2021-10-31T15:01:36.140985Z","createUser":{"email":"foridislam991@gmail.com"},"finalizeTime":"2021-10-31T15:01:44.375669Z","finalizeUser":{"email":"foridislam991@gmail.com"}},"type":"DEPLOY","releaseTime":"2021-10-31T15:01:45.537201365Z","releaseUser":{"email":"foridislam991@gmail.com"}}
[info] +  hosting[turista-18a4c]: release complete 
[info] 
[info] +  Deploy complete! 
[info] 
[info] Project Console: https://console.firebase.google.com/project/turista-18a4c/overview
[info] Hosting URL: https://turista-18a4c.web.app
